<?xml version="1.0" encoding="UTF-8"?>
<testsuite xmlns:xsi="http://www.w3.org/2001/XMLSchema-instance" xsi:noNamespaceSchemaLocation="https://maven.apache.org/surefire/maven-surefire-plugin/xsd/surefire-test-report.xsd" version="3.0.2" name="com.systemdesign.typeahead.service.TypeaheadServiceTest" time="2.902" tests="1" errors="0" skipped="0" failures="0">
  <properties>
[...]
</properties>
  <testcase name="returnsSuggestions" classname="com.systemdesign.typeahead.service.TypeaheadServiceTest" time="0.549">
    <system-out><![CDATA[10:09:40.342 [main] INFO org.springframework.test.context.support.AnnotationConfigContextLoaderUtils -- Could not detect default configuration classes for test class [com.systemdesign.typeahead.service.TypeaheadServiceTest]: TypeaheadServiceTest does not declare any static, non-private, non-final, nested classes annotated with @Configuration.
10:09:40.426 [main] INFO org.springframework.boot.test.context.SpringBootTestContextBootstrapper -- Found @SpringBootConfiguration com.systemdesign.typeahead.TypeaheadApplication for test class com.systemdesign.typeahead.service.TypeaheadServiceTest

  .   ____          _            __ _ _
 /\\ / ___'_ __ _ _(_)_ __  __ _ \ \ \ \
( ( )\___ | '_ | '_| | '_ \/ _` | \ \ \ \
 \\/  ___)| |_)| | | | | || (_| |  ) ) ) )
  '  |____| .__|_| |_|_| |_\__, | / / / /
 =========|_|==============|___/=/_/_/_/

 :: Spring Boot ::                (v3.4.2)

2026-09-02T10:09:40.796+03:00  INFO 24412 --- [sd-typeahead] [           main] c.s.t.service.TypeaheadServiceTest       : Starting TypeaheadServiceTest using Java 21.0.10 with PID 24412 (started by isa in C:\Users\isa\SistemTasarim\projects\sd-typeahead)
2026-09-02T10:09:40.796+03:00  INFO 24412 --- [sd-typeahead] [           main] c.s.t.service.TypeaheadServiceTest       : No active profile set, falling back to 1 default profile: "default"
2026-09-02T10:09:42.398+03:00  INFO 24412 --- [sd-typeahead] [           main] o.s.b.a.e.web.EndpointLinksResolver      : Exposing 1 endpoint beneath base path '/actuator'
2026-09-02T10:09:42.455+03:00  INFO 24412 --- [sd-typeahead] [           main] c.s.t.service.TypeaheadServiceTest       : Started TypeaheadServiceTest in 1.92 seconds (process running for 2.626)
]]></system-out>
    <system-err><![CDATA[Mockito is currently self-attaching to enable the inline-mock-maker. This will no longer work in future releases of the JDK. Please add Mockito as an agent to your build what is described in Mockito's documentation: https://javadoc.io/doc/org.mockito/mockito-core/latest/org/mockito/Mockito.html#0.3
WARNING: A Java agent has been loaded dynamically (C:\Users\isa\.m2\repository\net\bytebuddy\byte-buddy-agent\1.15.11\byte-buddy-agent-1.15.11.jar)
WARNING: If a serviceability tool is in use, please run with -XX:+EnableDynamicAgentLoading to hide this warning
WARNING: If a serviceability tool is not in use, please run with -Djdk.instrument.traceUsage for more information
WARNING: Dynamic loading of agents will be disallowed by default in a future release
]]></system-err>
  </testcase>
</testsuite>